<?xml version="1.0" encoding="UTF-8"?>
<testng-results skipped="0" failed="0" ignored="0" total="1" passed="1">
  <reporter-output>
  </reporter-output>
  <suite name="Default suite" duration-ms="140" started-at="2017-03-11T07:35:16Z" finished-at="2017-03-11T07:35:16Z">
    <groups>
    </groups>
    <test name="Default test" duration-ms="140" started-at="2017-03-11T07:35:16Z" finished-at="2017-03-11T07:35:16Z">
      <class name="TOFTest">
        <test-method status="PASS" signature="beforeMethod()[pri:0, instance:TOFTest@5afa04c]" name="beforeMethod" is-config="true" duration-ms="59" started-at="2017-03-11T09:35:16Z" finished-at="2017-03-11T09:35:16Z">
          <reporter-output>
          </reporter-output>
        </test-method> <!-- beforeMethod -->
        <test-method status="PASS" signature="WriteGameTest()[pri:0, instance:TOFTest@5afa04c]" name="WriteGameTest" duration-ms="25" started-at="2017-03-11T09:35:16Z" finished-at="2017-03-11T09:35:16Z">
          <reporter-output>
          </reporter-output>
        </test-method> <!-- WriteGameTest -->
        <test-method status="PASS" signature="afterMethod()[pri:0, instance:TOFTest@5afa04c]" name="afterMethod" is-config="true" duration-ms="2" started-at="2017-03-11T09:35:16Z" finished-at="2017-03-11T09:35:16Z">
          <reporter-output>
          </reporter-output>
        </test-method> <!-- afterMethod -->
      </class> <!-- TOFTest -->
    </test> <!-- Default test -->
  </suite> <!-- Default suite -->
</testng-results>
